<?xml version="1.0" encoding="UTF-8"?>
<!-- Generated by org.testng.reporters.JUnitReportReporter -->
<testsuite skipped="0" hostname="LAPTOP-N0G0NBDP" name="Phptestapp" tests="1" failures="0" timestamp="16 Jun 2021 15:23:59 GMT" time="32.381" errors="0">
  <testcase name="openbrowserTest" time="32.381" classname="Phptestapp"/>
</testsuite> <!-- com.qa.TestScripts.TestCase1 -->
